<?xml version="1.0" encoding="UTF-8"?>
<!-- Generated by org.testng.reporters.JUnitXMLReporter -->
<testsuite hostname="DESKTOP-5E62TO3" ignored="0" name="Test" tests="2" failures="0" timestamp="2021-08-26T00:15:42 IST" time="4.731" errors="0">
  <testcase name="@BeforeClass configBC" time="3.611" classname="com.crm.vtiger.GenericUtils.BaseClass">
    <failure type="org.openqa.selenium.SessionNotCreatedException" message="session not created: This version of ChromeDriver only supports Chrome version 90
Current browser version is 92.0.4515.159 with binary path C:\Program Files\Google\Chrome\Application\chrome.exe
Build info: version: &amp;apos;3.141.59&amp;apos;, revision: &amp;apos;e82be7d358&amp;apos;, time: &amp;apos;2018-11-14T08:17:03&amp;apos;
System info: host: &amp;apos;DESKTOP-5E62TO3&amp;apos;, ip: &amp;apos;127.0.0.1&amp;apos;, os.name: &amp;apos;Windows 10&amp;apos;, os.arch: &amp;apos;amd64&amp;apos;, os.version: &amp;apos;10.0&amp;apos;, java.version: &amp;apos;1.8.0_291&amp;apos;
Driver info: driver.version: ChromeDriver
remote stacktrace: Backtrace:
	Ordinal0 [0x00B3C013+2474003]
	Ordinal0 [0x00AD29C1+2042305]
	Ordinal0 [0x009E2F68+1060712]
	Ordinal0 [0x00A0188E+1185934]
	Ordinal0 [0x009FD600+1168896]
	Ordinal0 [0x009FAA83+1157763]
	Ordinal0 [0x00A2A2A2+1352354]
	Ordinal0 [0x00A28FAA+1347498]
	Ordinal0 [0x00A266DB+1337051]
	Ordinal0 [0x00A03427+1192999]
	Ordinal0 [0x00A042EE+1196782]
	Ordinal0 [0x00A04279+1196665]
	GetHandleVerifier [0x00CC96FC+1590332]
	GetHandleVerifier [0x00D78614+2306900]
	GetHandleVerifier [0x00BC9E93+543699]
	GetHandleVerifier [0x00BC92CE+540686]
	Ordinal0 [0x00AD86BA+2066106]
	Ordinal0 [0x00ADD1C8+2085320]
	Ordinal0 [0x00ADD308+2085640]
	Ordinal0 [0x00AE67F3+2123763]
	BaseThreadInitThunk [0x75FEFA29+25]
	RtlGetAppContainerNamedObjectPath [0x77037A7E+286]
	RtlGetAppContainerNamedObjectPath [0x77037A4E+238]
">
      <![CDATA[org.openqa.selenium.SessionNotCreatedException: session not created: This version of ChromeDriver only supports Chrome version 90
Current browser version is 92.0.4515.159 with binary path C:\Program Files\Google\Chrome\Application\chrome.exe
Build info: version: '3.141.59', revision: 'e82be7d358', time: '2018-11-14T08:17:03'
System info: host: 'DESKTOP-5E62TO3', ip: '127.0.0.1', os.name: 'Windows 10', os.arch: 'amd64', os.version: '10.0', java.version: '1.8.0_291'
Driver info: driver.version: ChromeDriver
remote stacktrace: Backtrace:
Ordinal0 [0x00B3C013+2474003]
Ordinal0 [0x00AD29C1+2042305]
Ordinal0 [0x009E2F68+1060712]
Ordinal0 [0x00A0188E+1185934]
Ordinal0 [0x009FD600+1168896]
Ordinal0 [0x009FAA83+1157763]
Ordinal0 [0x00A2A2A2+1352354]
Ordinal0 [0x00A28FAA+1347498]
Ordinal0 [0x00A266DB+1337051]
Ordinal0 [0x00A03427+1192999]
Ordinal0 [0x00A042EE+1196782]
Ordinal0 [0x00A04279+1196665]
GetHandleVerifier [0x00CC96FC+1590332]
GetHandleVerifier [0x00D78614+2306900]
GetHandleVerifier [0x00BC9E93+543699]
GetHandleVerifier [0x00BC92CE+540686]
Ordinal0 [0x00AD86BA+2066106]
Ordinal0 [0x00ADD1C8+2085320]
Ordinal0 [0x00ADD308+2085640]
Ordinal0 [0x00AE67F3+2123763]
BaseThreadInitThunk [0x75FEFA29+25]
RtlGetAppContainerNamedObjectPath [0x77037A7E+286]
RtlGetAppContainerNamedObjectPath [0x77037A4E+238]

at org.openqa.selenium.remote.W3CHandshakeResponse.lambda$errorHandler$0(W3CHandshakeResponse.java:62)
at org.openqa.selenium.remote.HandshakeResponse.lambda$getResponseFunction$0(HandshakeResponse.java:30)
at org.openqa.selenium.remote.ProtocolHandshake.lambda$createSession$0(ProtocolHandshake.java:126)
at java.util.stream.ReferencePipeline$3$1.accept(ReferencePipeline.java:193)
at java.util.Spliterators$ArraySpliterator.tryAdvance(Spliterators.java:958)
at java.util.stream.ReferencePipeline.forEachWithCancel(ReferencePipeline.java:126)
at java.util.stream.AbstractPipeline.copyIntoWithCancel(AbstractPipeline.java:499)
at java.util.stream.AbstractPipeline.copyInto(AbstractPipeline.java:486)
at java.util.stream.AbstractPipeline.wrapAndCopyInto(AbstractPipeline.java:472)
at java.util.stream.FindOps$FindOp.evaluateSequential(FindOps.java:152)
at java.util.stream.AbstractPipeline.evaluate(AbstractPipeline.java:234)
at java.util.stream.ReferencePipeline.findFirst(ReferencePipeline.java:464)
at org.openqa.selenium.remote.ProtocolHandshake.createSession(ProtocolHandshake.java:128)
at org.openqa.selenium.remote.ProtocolHandshake.createSession(ProtocolHandshake.java:74)
at org.openqa.selenium.remote.HttpCommandExecutor.execute(HttpCommandExecutor.java:136)
at org.openqa.selenium.remote.service.DriverCommandExecutor.execute(DriverCommandExecutor.java:83)
at org.openqa.selenium.remote.RemoteWebDriver.execute(RemoteWebDriver.java:552)
at org.openqa.selenium.remote.RemoteWebDriver.startSession(RemoteWebDriver.java:213)
at org.openqa.selenium.remote.RemoteWebDriver.<init>(RemoteWebDriver.java:131)
at org.openqa.selenium.chrome.ChromeDriver.<init>(ChromeDriver.java:181)
at org.openqa.selenium.chrome.ChromeDriver.<init>(ChromeDriver.java:168)
at org.openqa.selenium.chrome.ChromeDriver.<init>(ChromeDriver.java:123)
at com.crm.vtiger.GenericUtils.BaseClass.configBC(BaseClass.java:55)
at java.util.ArrayList.forEach(ArrayList.java:1259)
... Removed 29 stack frames]]>
    </failure>
  </testcase> <!-- @BeforeClass configBC -->
  <testcase name="@BeforeMethod configBM" time="-1.62991714113E9" classname="com.crm.vtiger.GenericUtils.BaseClass">
    <skipped/>
  </testcase> <!-- @BeforeMethod configBM -->
  <testcase name="@AfterMethod configAM" time="-1.629917141339E9" classname="com.crm.vtiger.GenericUtils.BaseClass">
    <skipped/>
  </testcase> <!-- @AfterMethod configAM -->
  <testcase name="@BeforeMethod configBM" time="-1.629917141351E9" classname="com.crm.vtiger.GenericUtils.BaseClass">
    <skipped/>
  </testcase> <!-- @BeforeMethod configBM -->
  <testcase name="@AfterMethod configAM" time="-1.629917141424E9" classname="com.crm.vtiger.GenericUtils.BaseClass">
    <skipped/>
  </testcase> <!-- @AfterMethod configAM -->
  <testcase name="@AfterClass configAC" time="-1.629917141432E9" classname="com.crm.vtiger.GenericUtils.BaseClass">
    <skipped/>
  </testcase> <!-- @AfterClass configAC -->
  <testcase name="createContact" time="0.0" classname="com.comcast.crm.conatcttest.CreateContact">
    <skipped/>
  </testcase> <!-- createContact -->
  <testcase name="createContactWithOrg" time="0.0" classname="com.comcast.crm.conatcttest.CreateContact">
    <skipped/>
  </testcase> <!-- createContactWithOrg -->
</testsuite> <!-- Test -->
